\BOOKMARK [0][-]{chapter.1}{Utregningsmetoder}{}% 1
\BOOKMARK [1][-]{section.1.1}{Addisjon}{chapter.1}% 2
\BOOKMARK [2][-]{subsection.1.1.1}{Oppstilling}{section.1.1}% 3
\BOOKMARK [2][-]{subsection.1.1.2}{Tabellmetoden}{section.1.1}% 4
\BOOKMARK [1][-]{section.1.2}{Subtraksjon}{chapter.1}% 5
\BOOKMARK [2][-]{subsection.1.2.1}{Oppstilling}{section.1.2}% 6
\BOOKMARK [2][-]{subsection.1.2.2}{Tabellmetoden}{section.1.2}% 7
\BOOKMARK [1][-]{section.1.3}{Ganging}{chapter.1}% 8
\BOOKMARK [2][-]{subsection.1.3.1}{Ganging med 10, 100, 1000 osv.}{section.1.3}% 9
\BOOKMARK [2][-]{subsection.1.3.2}{Utvida form og kompaktmetoden}{section.1.3}% 10
\BOOKMARK [1][-]{section.1.4}{Divisjon}{chapter.1}% 11
\BOOKMARK [2][-]{subsection.1.4.1}{Deling med 10, 100, 1000 osv.}{section.1.4}% 12
\BOOKMARK [2][-]{subsection.1.4.2}{Oppstilling}{section.1.4}% 13
\BOOKMARK [2][-]{subsection.1.4.3}{Tabellmetoden}{section.1.4}% 14
\BOOKMARK [1][-]{section.1.5}{Standardform}{chapter.1}% 15
\BOOKMARK [1][-]{section.1.6}{Regning med tid }{chapter.1}% 16
\BOOKMARK [1][-]{section.1.7}{Avrunding og overslagsregning}{chapter.1}% 17
\BOOKMARK [2][-]{subsection.1.7.1}{Avrunding}{section.1.7}% 18
\BOOKMARK [2][-]{subsection.1.7.2}{Overslagsrekning}{section.1.7}% 19
\BOOKMARK [1][-]{section*.11}{Oppgaver}{chapter.1}% 20
\BOOKMARK [0][-]{chapter.2}{St\370rrelser og enheter}{}% 21
\BOOKMARK [1][-]{section.2.1}{St\370rrelsar, einingar og prefiks}{chapter.2}% 22
\BOOKMARK [1][-]{section.2.2}{Regning med forskjellige nemningar }{chapter.2}% 23
\BOOKMARK [1][-]{section*.13}{Oppgaver}{chapter.2}% 24
\BOOKMARK [0][-]{chapter.3}{Statistikk}{}% 25
\BOOKMARK [1][-]{section.3.1}{Introduksjon}{chapter.3}% 26
\BOOKMARK [1][-]{section.3.2}{Presentasjonsmetoder}{chapter.3}% 27
\BOOKMARK [2][-]{subsection.3.2.1}{Frekvenstabell}{section.3.2}% 28
\BOOKMARK [2][-]{subsection.3.2.2}{S\370ylediagram \(stolpediagram\)}{section.3.2}% 29
\BOOKMARK [2][-]{subsection.3.2.3}{Sektordiagram \(kakediagram\)}{section.3.2}% 30
\BOOKMARK [2][-]{subsection.3.2.4}{Linjediagram}{section.3.2}% 31
\BOOKMARK [1][-]{section.3.3}{Tolking av tendenser; sentralm\345l}{chapter.3}% 32
\BOOKMARK [2][-]{subsection.3.3.1}{Typetal}{section.3.3}% 33
\BOOKMARK [2][-]{subsection.3.3.2}{Gjennomsnitt}{section.3.3}% 34
\BOOKMARK [2][-]{subsection.3.3.3}{Median}{section.3.3}% 35
\BOOKMARK [1][-]{section.3.4}{Tolking av forskjellar; spreiingsm\345l}{chapter.3}% 36
\BOOKMARK [2][-]{subsection.3.4.1}{Variasjonsbredde}{section.3.4}% 37
\BOOKMARK [2][-]{subsection.3.4.2}{Kvartilbredde}{section.3.4}% 38
\BOOKMARK [2][-]{subsection.3.4.3}{Avvik, varians og standardavvik}{section.3.4}% 39
\BOOKMARK [1][-]{section*.20}{Oppgaver}{chapter.3}% 40
\BOOKMARK [0][-]{chapter.4}{Geometri}{}% 41
\BOOKMARK [1][-]{section.4.1}{Symmetri}{chapter.4}% 42
\BOOKMARK [1][-]{section.4.2}{Tredimensjonal geometri}{chapter.4}% 43
\BOOKMARK [1][-]{section.4.3}{Volum}{chapter.4}% 44
\BOOKMARK [1][-]{section.4.4}{Omkrets, areal og volum med enheter}{chapter.4}% 45
\BOOKMARK [1][-]{section*.28}{Oppgaver}{chapter.4}% 46
\BOOKMARK [0][-]{chapter.5}{Br\370krekning }{}% 47
\BOOKMARK [1][-]{section.5.1}{Br\370kdelar av heiler }{chapter.5}% 48
\BOOKMARK [1][-]{section.5.2}{Prosent}{chapter.5}% 49
\BOOKMARK [2][-]{subsection.5.2.1}{Prosentvis endring; auke eller redusering }{section.5.2}% 50
\BOOKMARK [2][-]{subsection.5.2.2}{Vekstfaktor}{section.5.2}% 51
\BOOKMARK [2][-]{subsection.5.2.3}{Prosentpoeng}{section.5.2}% 52
\BOOKMARK [2][-]{subsection.5.2.4}{Gjentatt prosentvis endring}{section.5.2}% 53
\BOOKMARK [1][-]{section.5.3}{Forhold}{chapter.5}% 54
\BOOKMARK [2][-]{subsection.5.3.1}{M\345lestokk}{section.5.3}% 55
\BOOKMARK [2][-]{subsection.5.3.2}{Blandingsforhold}{section.5.3}% 56
\BOOKMARK [1][-]{section*.47}{Oppgaver}{chapter.5}% 57
\BOOKMARK [0][-]{chapter.6}{Likningar, formlar og funksjonar }{}% 58
\BOOKMARK [1][-]{section.6.1}{\305 finne st\370rrelser}{chapter.6}% 59
\BOOKMARK [2][-]{subsection.6.1.1}{\305 finne st\370rrelser direkte}{section.6.1}% 60
\BOOKMARK [2][-]{subsection.6.1.2}{\305 finne st\370rrelsar indirekte}{section.6.1}% 61
\BOOKMARK [1][-]{section.6.2}{Funksjoners egenskaper}{chapter.6}% 62
\BOOKMARK [2][-]{subsection.6.2.1}{Funksjoner med samme verdi; skj\346ringspunkt}{section.6.2}% 63
\BOOKMARK [2][-]{subsection.6.2.2}{Null-, bunn- og toppunkt}{section.6.2}% 64
\BOOKMARK [1][-]{section.6.3}{Likningssett}{chapter.6}% 65
\BOOKMARK [2][-]{subsection.6.3.1}{Innsettingsmetoden}{section.6.3}% 66
\BOOKMARK [2][-]{subsection.6.3.2}{Grafisk metode}{section.6.3}% 67
\BOOKMARK [1][-]{section*.61}{Oppgaver}{chapter.6}% 68
\BOOKMARK [0][-]{chapter.7}{\330konomi }{}% 69
\BOOKMARK [1][-]{section.7.1}{Indeksregning}{chapter.7}% 70
\BOOKMARK [2][-]{subsection.7.1.1}{Introduksjon}{section.7.1}% 71
\BOOKMARK [2][-]{subsection.7.1.2}{Konsumprisindeks og basis\345r}{section.7.1}% 72
\BOOKMARK [2][-]{subsection.7.1.3}{Kroneverdi}{section.7.1}% 73
\BOOKMARK [2][-]{subsection.7.1.4}{Reall\370n og nominell l\370nn}{section.7.1}% 74
\BOOKMARK [1][-]{section.7.2}{L\345n og sparing}{chapter.7}% 75
\BOOKMARK [2][-]{subsection.7.2.1}{L\345n}{section.7.2}% 76
\BOOKMARK [2][-]{subsection.7.2.2}{Sparing; innskuddsrente og forventa avkastning}{section.7.2}% 77
\BOOKMARK [1][-]{section.7.3}{Skatt}{chapter.7}% 78
\BOOKMARK [2][-]{subsection.7.3.1}{Bruttol\370nn, fr\345drag og skattegrunnlag}{section.7.3}% 79
\BOOKMARK [2][-]{subsection.7.3.2}{Trygdeavgift}{section.7.3}% 80
\BOOKMARK [2][-]{subsection.7.3.3}{Trinnskatt }{section.7.3}% 81
\BOOKMARK [2][-]{subsection.7.3.4}{Nettol\370nn}{section.7.3}% 82
\BOOKMARK [1][-]{section.7.4}{Budsjett og regnskap}{chapter.7}% 83
\BOOKMARK [2][-]{subsection.7.4.1}{Budsjett }{section.7.4}% 84
\BOOKMARK [2][-]{subsection.7.4.2}{Regnskap}{section.7.4}% 85
\BOOKMARK [1][-]{section*.77}{Oppgaver}{chapter.7}% 86
\BOOKMARK [0][-]{chapter.8}{Sannsynlighet }{}% 87
\BOOKMARK [1][-]{section.8.1}{Grunnprinnsippet}{chapter.8}% 88
\BOOKMARK [1][-]{section.8.2}{Hendingar med og utan felles utfall}{chapter.8}% 89
\BOOKMARK [2][-]{subsection.8.2.1}{Hendingar utan felles utfall}{section.8.2}% 90
\BOOKMARK [2][-]{subsection.8.2.2}{Summen av alle sannsyn er 1}{section.8.2}% 91
\BOOKMARK [2][-]{subsection.8.2.3}{Felles utfall}{section.8.2}% 92
\BOOKMARK [2][-]{subsection.8.2.4}{Venndiagram}{section.8.2}% 93
\BOOKMARK [2][-]{subsection.8.2.5}{Krysstabell}{section.8.2}% 94
\BOOKMARK [1][-]{section.8.3}{Gjentatte trekk }{chapter.8}% 95
\BOOKMARK [2][-]{subsection.8.3.1}{Permutasjoner}{section.8.3}% 96
\BOOKMARK [2][-]{subsection.8.3.2}{Sannsyn ved gjentatte trekk}{section.8.3}% 97
\BOOKMARK [2][-]{subsection.8.3.3}{Valgtre}{section.8.3}% 98
\BOOKMARK [1][-]{section*.87}{Oppgaver}{chapter.8}% 99
\BOOKMARK [0][-]{chapter.9}{Digitale verkt\370y}{}% 100
\BOOKMARK [1][-]{section.9.1}{Programmering}{chapter.9}% 101
\BOOKMARK [1][-]{section.9.2}{Regneark}{chapter.9}% 102
\BOOKMARK [2][-]{subsection.9.2.1}{Introduksjon}{section.9.2}% 103
\BOOKMARK [2][-]{subsection.9.2.2}{Utregninger}{section.9.2}% 104
\BOOKMARK [2][-]{subsection.9.2.3}{Cellereferanser}{section.9.2}% 105
\BOOKMARK [2][-]{subsection.9.2.4}{Kopiering og l\345sing av celler}{section.9.2}% 106
\BOOKMARK [2][-]{subsection.9.2.5}{Andre nyttige funksjoner}{section.9.2}% 107
\BOOKMARK [1][-]{section.9.3}{GeoGebra}{chapter.9}% 108
\BOOKMARK [2][-]{subsection.9.3.1}{Introduksjon}{section.9.3}% 109
\BOOKMARK [2][-]{subsection.9.3.2}{\305 skrive inn punkt, funksjoner og linjer}{section.9.3}% 110
\BOOKMARK [2][-]{subsection.9.3.3}{\305 finne verdien til funksjoner og linjer}{section.9.3}% 111
\BOOKMARK [2][-]{subsection.9.3.4}{Knapper og kommandoer}{section.9.3}% 112
\BOOKMARK [1][-]{section*.93}{Oppgaver}{chapter.9}% 113
\BOOKMARK [0][-]{chapter*.94}{Vedlegg}{}% 114
\BOOKMARK [0][-]{chapter*.95}{Fasit}{}% 115
