\BOOKMARK [0][-]{chapter.1}{De fire regneartene}{}% 1
\BOOKMARK [1][-]{section.1.1}{Addisjon}{chapter.1}% 2
\BOOKMARK [1][-]{section.1.2}{Subtraksjon}{chapter.1}% 3
\BOOKMARK [1][-]{section.1.3}{Ganging}{chapter.1}% 4
\BOOKMARK [1][-]{section.1.4}{Divisjon}{chapter.1}% 5
\BOOKMARK [0][-]{chapter.2}{Geometri}{}% 6
\BOOKMARK [1][-]{section.2.1}{St\370rrelser, enheter og prefikser}{chapter.2}% 7
\BOOKMARK [1][-]{section.2.2}{Volum}{chapter.2}% 8
\BOOKMARK [1][-]{section.2.3}{Omkrets, areal og volum med enheter}{chapter.2}% 9
\BOOKMARK [0][-]{chapter.3}{Br\370kregning }{}% 10
\BOOKMARK [1][-]{section.3.1}{Br\370kdeler av helheter}{chapter.3}% 11
\BOOKMARK [1][-]{section.3.2}{Prosent}{chapter.3}% 12
\BOOKMARK [2][-]{subsection.3.2.1}{Prosentvis endring}{section.3.2}% 13
\BOOKMARK [2][-]{subsection.3.2.2}{Vekstfaktor}{section.3.2}% 14
\BOOKMARK [2][-]{subsection.3.2.3}{Prosentpoeng}{section.3.2}% 15
\BOOKMARK [1][-]{section.3.3}{Forhold}{chapter.3}% 16
\BOOKMARK [1][-]{section*.27}{Oppgaver}{chapter.3}% 17
\BOOKMARK [0][-]{chapter.4}{Likninger og funksjoner }{}% 18
\BOOKMARK [1][-]{section.4.1}{\305 lage ligninger}{chapter.4}% 19
\BOOKMARK [1][-]{section.4.2}{Formler}{chapter.4}% 20
\BOOKMARK [1][-]{section.4.3}{Omgj\370ring av formler}{chapter.4}% 21
\BOOKMARK [1][-]{section*.31}{Oppgaver}{chapter.4}% 22
\BOOKMARK [0][-]{chapter.5}{\330konomi }{}% 23
\BOOKMARK [1][-]{section.5.1}{Indeksregning}{chapter.5}% 24
\BOOKMARK [2][-]{subsection.5.1.1}{Konsumprisindeks og basis\345r}{section.5.1}% 25
\BOOKMARK [2][-]{subsection.5.1.2}{Kroneverdi}{section.5.1}% 26
\BOOKMARK [2][-]{subsection.5.1.3}{Reall\370nn og nominell l\370nn}{section.5.1}% 27
\BOOKMARK [2][-]{subsection.5.1.4}{Regning med indekser}{section.5.1}% 28
\BOOKMARK [1][-]{section.5.2}{L\345n og prosentvis endring over tid}{chapter.5}% 29
\BOOKMARK [2][-]{subsection.5.2.1}{L\345n}{section.5.2}% 30
\BOOKMARK [2][-]{subsection.5.2.2}{Prosentvis endring over tid}{section.5.2}% 31
\BOOKMARK [1][-]{section.5.3}{Skatt}{chapter.5}% 32
\BOOKMARK [2][-]{subsection.5.3.1}{Bruttol\370nn, fradrag og skattegrunnlag}{section.5.3}% 33
\BOOKMARK [2][-]{subsection.5.3.2}{Trygdeavgift}{section.5.3}% 34
\BOOKMARK [2][-]{subsection.5.3.3}{Trinnskatt }{section.5.3}% 35
\BOOKMARK [2][-]{subsection.5.3.4}{Nettol\370nn}{section.5.3}% 36
\BOOKMARK [1][-]{section.5.4}{Budsjett og regnskap}{chapter.5}% 37
\BOOKMARK [2][-]{subsection.5.4.1}{Budsjett }{section.5.4}% 38
\BOOKMARK [2][-]{subsection.5.4.2}{Regnskap}{section.5.4}% 39
\BOOKMARK [1][-]{section*.43}{Oppgaver}{chapter.5}% 40
\BOOKMARK [0][-]{chapter.6}{Sannsynlighet }{}% 41
\BOOKMARK [1][-]{section.6.1}{Grunnprinnsippet}{chapter.6}% 42
\BOOKMARK [1][-]{section.6.2}{Hendelser med og uten felles utfall}{chapter.6}% 43
\BOOKMARK [2][-]{subsection.6.2.1}{Hendelser uten felles utfall}{section.6.2}% 44
\BOOKMARK [2][-]{subsection.6.2.2}{Summen av alle sannsynligheter er 1}{section.6.2}% 45
\BOOKMARK [2][-]{subsection.6.2.3}{Felles utfall}{section.6.2}% 46
\BOOKMARK [2][-]{subsection.6.2.4}{Venndiagram}{section.6.2}% 47
\BOOKMARK [2][-]{subsection.6.2.5}{Krysstabell}{section.6.2}% 48
\BOOKMARK [1][-]{section.6.3}{Gjentatte trekk }{chapter.6}% 49
\BOOKMARK [2][-]{subsection.6.3.1}{Kombinasjoner}{section.6.3}% 50
\BOOKMARK [2][-]{subsection.6.3.2}{Sannsynlighet ved gjentatte trekk}{section.6.3}% 51
\BOOKMARK [2][-]{subsection.6.3.3}{Valgtre}{section.6.3}% 52
\BOOKMARK [1][-]{section*.55}{Oppgaver}{chapter.6}% 53
\BOOKMARK [0][-]{chapter*.56}{Excel}{}% 54
\BOOKMARK [1][-]{section*.58}{E.1 Introduksjon}{chapter*.56}% 55
\BOOKMARK [1][-]{section*.59}{E.2 Cellereferanser}{chapter*.56}% 56
\BOOKMARK [1][-]{section*.60}{E.3 Kopiering av celler}{chapter*.56}% 57
\BOOKMARK [1][-]{section*.61}{E.4 Sm\345triks}{chapter*.56}% 58
\BOOKMARK [1][-]{section*.62}{Oppgaver}{chapter*.56}% 59
\BOOKMARK [0][-]{chapter*.63}{GeoGebra}{}% 60
\BOOKMARK [1][-]{section*.64}{G.1 Skrive inn en funksjon}{chapter*.63}% 61
\BOOKMARK [1][-]{section*.65}{G.2 Finne verdien til en funksjon/linje}{chapter*.63}% 62
\BOOKMARK [1][-]{section*.66}{G.3 Finne skj\346ringspunkt}{chapter*.63}% 63
\BOOKMARK [1][-]{section*.67}{G.4 Finne nullpunkt}{chapter*.63}% 64
\BOOKMARK [1][-]{section*.68}{G.5 Finne topp- eller bunnpunkt}{chapter*.63}% 65
\BOOKMARK [1][-]{section*.69}{G.6 Tegne linjen mellom to punkt}{chapter*.63}% 66
\BOOKMARK [1][-]{section*.70}{G.7 Tegne graf p\345 gitt intervall}{chapter*.63}% 67
\BOOKMARK [1][-]{section*.71}{G.8 Oppgaver}{chapter*.63}% 68
